2025-03-14 12:56:15,860 - WARNING - Compiled the loaded model, but the compiled metrics have yet to be built. `model.compile_metrics` will be empty until you train or evaluate the model.
2025-03-14 12:56:15,911 - INFO - Model loaded successfully.
2025-03-14 12:56:15,932 - INFO - Starting FastAPI server...
2025-03-14 12:56:34,660 - INFO - Prediction made: airplane (Confidence: 0.9999)
2025-03-14 12:57:08,338 - WARNING - Unauthorized access attempt.
2025-03-14 12:57:53,352 - WARNING - Compiled the loaded model, but the compiled metrics have yet to be built. `model.compile_metrics` will be empty until you train or evaluate the model.
2025-03-14 12:57:53,408 - INFO - Model loaded successfully.
2025-03-14 12:57:53,436 - INFO - Starting FastAPI server...
2025-03-14 12:58:11,671 - INFO - Prediction made: airplane (Confidence: 0.9999)
2025-03-14 13:04:31,918 - WARNING - Compiled the loaded model, but the compiled metrics have yet to be built. `model.compile_metrics` will be empty until you train or evaluate the model.
2025-03-14 13:04:31,966 - INFO - Model loaded successfully.
2025-03-14 13:04:31,988 - INFO - Starting FastAPI server...
2025-03-14 13:04:45,286 - ERROR - Internal Server Error: 'numpy.float32' object has no attribute 'numpy'
2025-03-14 13:06:43,729 - WARNING - Compiled the loaded model, but the compiled metrics have yet to be built. `model.compile_metrics` will be empty until you train or evaluate the model.
2025-03-14 13:06:43,775 - INFO - Model loaded successfully.
2025-03-14 13:06:43,797 - INFO - Starting FastAPI server...
2025-03-14 13:06:49,938 - ERROR - Internal Server Error: 'numpy.float32' object has no attribute 'numpy'
2025-03-14 13:09:35,479 - WARNING - Compiled the loaded model, but the compiled metrics have yet to be built. `model.compile_metrics` will be empty until you train or evaluate the model.
2025-03-14 13:09:35,540 - INFO - Model loaded successfully.
2025-03-14 13:09:35,569 - INFO - Starting FastAPI server...
2025-03-14 13:09:46,990 - INFO - Prediction: airplane (Confidence: 0.9999) - Heatmap saved at gradcam_output.jpg
2025-03-14 13:13:28,378 - WARNING - Compiled the loaded model, but the compiled metrics have yet to be built. `model.compile_metrics` will be empty until you train or evaluate the model.
2025-03-14 13:13:28,434 - INFO - Model loaded successfully.
2025-03-14 13:13:28,460 - INFO - Starting FastAPI server...
2025-03-14 13:14:12,980 - INFO - Prediction: airplane (Confidence: 0.9999) - Heatmap saved at gradcam_output.jpg
2025-03-14 13:14:44,204 - INFO - Prediction: airplane (Confidence: 0.9458) - Heatmap saved at gradcam_output.jpg
2025-03-14 13:15:19,686 - INFO - Prediction: cat (Confidence: 0.9988) - Heatmap saved at gradcam_output.jpg
